<?xml version="1.0" encoding="UTF-8"?>
<!-- Generated by org.testng.reporters.JUnitReportReporter -->
<testsuite hostname="DESKTOP-0KT2RFE" failures="0" tests="1" name="Testcases.Brilliustest" time="19.465" errors="0" timestamp="19 Jan 2024 06:11:30 GMT" skipped="0">
  <testcase classname="Testcases.Brilliustest" name="UserLoginTest" time="19.465"/>
</testsuite> <!-- Testcases.Brilliustest -->
